<?xml version="1.0" encoding="UTF-8"?><testsuite errors="1" failures="0" name="Utest World" skipped="0" tests="1" time="52.4" timestamp="2021-12-22 09:01:16"><testcase name="Register in uTest community"><error message="no such element: Unable to locate element: {&quot;method&quot;:&quot;xpath&quot;,&quot;selector&quot;:&quot;/html/body/ui-view/unauthenticated-container/div/div/div/ui-view/div/div/div/div[1]/div/h1&quot;}&#10;  (Session info: chrome=96.0.4664.110)&#10;For documentation on this error, please visit: https://www.seleniumhq.org/exceptions/no_such_element.html&#10;Build info: version: '3.141.59', revision: 'e82be7d358', time: '2018-11-14T08:17:03'&#10;System info: host: 'ASUS', ip: '192.168.1.3', os.name: 'Windows 8.1', os.arch: 'amd64', os.version: '6.3', java.version: '1.8.0_121'&#10;Driver info: org.openqa.selenium.chrome.ChromeDriver&#10;Capabilities {acceptInsecureCerts: false, browserName: chrome, browserVersion: 96.0.4664.110, chrome: {chromedriverVersion: 96.0.4664.45 (76e4c1bb2ab46..., userDataDir: C:\Users\USER\AppData\Local...}, goog:chromeOptions: {debuggerAddress: localhost:57777}, javascriptEnabled: true, networkConnectionEnabled: false, pageLoadStrategy: normal, platform: WINDOWS, platformName: WINDOWS, proxy: Proxy(), setWindowRect: true, strictFileInteractability: false, timeouts: {implicit: 0, pageLoad: 300000, script: 30000}, unhandledPromptBehavior: dismiss and notify, webauthn:extension:credBlob: true, webauthn:extension:largeBlob: true, webauthn:virtualAuthenticators: true}&#10;Session ID: 36f9e380e70888c6381102da4252875d&#10;*** Element info: {Using=xpath, value=/html/body/ui-view/unauthenticated-container/div/div/div/ui-view/div/div/div/div[1]/div/h1}" type="java.lang.AssertionError">no such element: Unable to locate element: {"method":"xpath","selector":"/html/body/ui-view/unauthenticated-container/div/div/div/ui-view/div/div/div/div[1]/div/h1"}
  (Session info: chrome=96.0.4664.110)
For documentation on this error, please visit: https://www.seleniumhq.org/exceptions/no_such_element.html
Build info: version: '3.141.59', revision: 'e82be7d358', time: '2018-11-14T08:17:03'
System info: host: 'ASUS', ip: '192.168.1.3', os.name: 'Windows 8.1', os.arch: 'amd64', os.version: '6.3', java.version: '1.8.0_121'
Driver info: org.openqa.selenium.chrome.ChromeDriver
Capabilities {acceptInsecureCerts: false, browserName: chrome, browserVersion: 96.0.4664.110, chrome: {chromedriverVersion: 96.0.4664.45 (76e4c1bb2ab46..., userDataDir: C:\Users\USER\AppData\Local...}, goog:chromeOptions: {debuggerAddress: localhost:57777}, javascriptEnabled: true, networkConnectionEnabled: false, pageLoadStrategy: normal, platform: WINDOWS, platformName: WINDOWS, proxy: Proxy(), setWindowRect: true, strictFileInteractability: false, timeouts: {implicit: 0, pageLoad: 300000, script: 30000}, unhandledPromptBehavior: dismiss and notify, webauthn:extension:credBlob: true, webauthn:extension:largeBlob: true, webauthn:virtualAuthenticators: true}
Session ID: 36f9e380e70888c6381102da4252875d
*** Element info: {Using=xpath, value=/html/body/ui-view/unauthenticated-container/div/div/div/ui-view/div/div/div/div[1]/div/h1}</error><system-err>no such element: Unable to locate element: {"method":"xpath","selector":"/html/body/ui-view/unauthenticated-container/div/div/div/ui-view/div/div/div/div[1]/div/h1"}
  (Session info: chrome=96.0.4664.110)
For documentation on this error, please visit: https://www.seleniumhq.org/exceptions/no_such_element.html
Build info: version: '3.141.59', revision: 'e82be7d358', time: '2018-11-14T08:17:03'
System info: host: 'ASUS', ip: '192.168.1.3', os.name: 'Windows 8.1', os.arch: 'amd64', os.version: '6.3', java.version: '1.8.0_121'
Driver info: org.openqa.selenium.chrome.ChromeDriver
Capabilities {acceptInsecureCerts: false, browserName: chrome, browserVersion: 96.0.4664.110, chrome: {chromedriverVersion: 96.0.4664.45 (76e4c1bb2ab46..., userDataDir: C:\Users\USER\AppData\Local...}, goog:chromeOptions: {debuggerAddress: localhost:57777}, javascriptEnabled: true, networkConnectionEnabled: false, pageLoadStrategy: normal, platform: WINDOWS, platformName: WINDOWS, proxy: Proxy(), setWindowRect: true, strictFileInteractability: false, timeouts: {implicit: 0, pageLoad: 300000, script: 30000}, unhandledPromptBehavior: dismiss and notify, webauthn:extension:credBlob: true, webauthn:extension:largeBlob: true, webauthn:virtualAuthenticators: true}
Session ID: 36f9e380e70888c6381102da4252875d
*** Element info: {Using=xpath, value=/html/body/ui-view/unauthenticated-container/div/div/div/ui-view/div/div/div/div[1]/div/h1}&#13;
co.com.choucair.certification.utestproject.stepdefinitions.WorldUtestStepDefinitions.heRegistersHisInformationAndSeeTheAccountRegisterConfirmation(WorldUtestStepDefinitions.java:33)&#13;
✽.he registers his information and see the account register confirmation(src/test/resources/features/utestWorld.feature:9)&#13;
</system-err></testcase></testsuite>